<?xml version="1.0" encoding="UTF-8"?>
<!-- Generated by org.testng.reporters.JUnitReportReporter -->
<testsuite hostname="Gopimanisri" failures="0" tests="1" name="runner.WindowsSwitching" time="50.238" errors="0" timestamp="2021-11-16T14:01:30 IST" skipped="0">
  <testcase classname="runner.WindowsSwitching" name="windowtest" time="50.238"/>
  <system-out/>
</testsuite> <!-- runner.WindowsSwitching -->
