<?xml version="1.0" encoding="UTF-8"?>
<!-- Generated by org.testng.reporters.JUnitReportReporter -->
<testsuite hostname="mr_domala" failures="0" tests="10" name="runner.TestRunner" time="210.850" errors="0" timestamp="2021-11-20T10:38:57 IST" skipped="0">
  <testcase classname="runner.TestRunner" name="runScenario" time="25.959"/>
  <system-out/>
  <testcase classname="runner.TestRunner" name="runScenario" time="10.511"/>
  <system-out/>
  <testcase classname="runner.TestRunner" name="runScenario" time="32.057"/>
  <system-out/>
  <testcase classname="runner.TestRunner" name="runScenario" time="24.279"/>
  <system-out/>
  <testcase classname="runner.TestRunner" name="runScenario" time="26.896"/>
  <system-out/>
  <testcase classname="runner.TestRunner" name="runScenario" time="22.391"/>
  <system-out/>
  <testcase classname="runner.TestRunner" name="runScenario" time="15.237"/>
  <system-out/>
  <testcase classname="runner.TestRunner" name="runScenario" time="17.220"/>
  <system-out/>
  <testcase classname="runner.TestRunner" name="runScenario" time="18.709"/>
  <system-out/>
  <testcase classname="runner.TestRunner" name="runScenario" time="17.591"/>
  <system-out/>
</testsuite> <!-- runner.TestRunner -->
