<?xml version="1.0" encoding="UTF-8"?>
<!-- Generated by org.testng.reporters.JUnitReportReporter -->
<testsuite hostname="Gopimanisri" failures="0" tests="1" name="pageobject.TrackOrderPage" time="38.228" errors="0" timestamp="2021-11-16T15:26:02 IST" skipped="0">
  <testcase classname="pageobject.TrackOrderPage" name="logintest" time="38.228"/>
  <system-out/>
</testsuite> <!-- pageobject.TrackOrderPage -->
