<?xml version="1.0" encoding="UTF-8"?>
<!-- Generated by org.testng.reporters.JUnitReportReporter -->
<testsuite hostname="Gopimanisri" failures="0" tests="1" name="pageobject.HomePage" time="63.930" errors="0" timestamp="2021-11-16T11:06:46 IST" skipped="0">
  <testcase classname="pageobject.HomePage" name="logintest" time="63.930"/>
  <system-out/>
</testsuite> <!-- pageobject.HomePage -->
